[grupo-evolucion.webnode.es/index.html]
[backblue.gif]
[fade.gif]
[index.html]
[d1di2lzuh97fh2.cloudfront.net/files/1x/1xf/1xfby835cc.css]
[d1di2lzuh97fh2.cloudfront.net/files/2r/2rf/2rf8hy35cc.css]
[d1di2lzuh97fh2.cloudfront.net/files/06/06i/06iwbt35cc.css]
[d1di2lzuh97fh2.cloudfront.net/files/18/189/189vcb35cc.css]
[d1di2lzuh97fh2.cloudfront.net/files/1x/1xk/1xkzbf35cc.css]
[grupo-evolucion.webnode.es/_files/200000006-52c3a52c3c/700/code-jam.png]
[use.typekit.net/lab8xti.css]
[www.google-analytics.com/analytics.js]
[grupo-evolucion.webnode.es/_files/200000000-a9732a9733/200/logo g2.png]
[grupo-evolucion.webnode.es/wnd_header.set/index.html]
[grupo-evolucion.webnode.es/instrumentos/index.html]
[grupo-evolucion.webnode.es/contacto/index.html]
[grupo-evolucion.webnode.es/_files/200000002-66f1e66f1f/450/Conoce-los-métodos-más-usados-por-los-hackers-para-entrar-a-tu-gmail.jpg]
[grupo-evolucion.webnode.es/metodos-de-ensenanza/index.html]
[d1di2lzuh97fh2.cloudfront.net/files/2w/2wp/450/2wpwgl35cc.jpg]
[grupo-evolucion.webnode.es/_files/200000010-a8c09a8c0b/450/stunt-pilot-drone.png]
[grupo-evolucion.webnode.es/_files/200000006-52c3a52c3c/200/code-jam.png]
[grupo-evolucion.webnode.es/_files/200000004-28f4728f49/200/sheldon-5.png]
[grupo-evolucion.webnode.es/_files/200000005-8182a8182b/200/unnamed.png]
[grupo-evolucion.webnode.es/_files/200000003-f0fb7f0fb8/200/sheldon.png]
[grupo-evolucion.webnode.es/_files/200000009-a5f8ea5f90/200/61974c52ee8fe6fc9cc6ddacc2cf6edf-4qETSL6.png]
[grupo-evolucion.webnode.es/_files/200000010-a8c09a8c0b/200/stunt-pilot-drone.png]
[d1di2lzuh97fh2.cloudfront.net/files/2o/2o3/450/2o3suq35cc.jpg]
[grupo-evolucion.webnode.es/_files/200000015-0b97d0b97f/200/4530169de791cc4a3c0982b828e8d771-logo-de-whatsapp-square-by-vexels.png]
[d1di2lzuh97fh2.cloudfront.net/files/3l/3l6/450/3l6uvy35cc.jpg]
[d1di2lzuh97fh2.cloudfront.net/files/2c/2cf/2cf0qr35cc.js]
[d1di2lzuh97fh2.cloudfront.net/client.fe/js.compiled/lang.es.17135cc.js]
[grupo-evolucion.webnode.es/index.html]
[d1di2lzuh97fh2.cloudfront.net/client.fe/js.compiled/compiled.multi.2-71235cc.js]
[d1di2lzuh97fh2.cloudfront.net/files/3y/3yb/3ybh5o.png]
[d1di2lzuh97fh2.cloudfront.net/files/1a/1a7/1a728k.png]
[d1di2lzuh97fh2.cloudfront.net/files/3x/3xw/3xwanv.gif]
[d1di2lzuh97fh2.cloudfront.net/files/1x/1xf/1xfby835cc.css]
[d1di2lzuh97fh2.cloudfront.net/files/2r/2rf/2rf8hy35cc.css]
[d1di2lzuh97fh2.cloudfront.net/files/06/06i/06iwbt35cc.css]
[d1di2lzuh97fh2.cloudfront.net/files/18/189/189vcb35cc.css]
[d1di2lzuh97fh2.cloudfront.net/files/1x/1xk/1xkzbf35cc.css]
[use.typekit.net/af/b683e3/00000000000000003b9b306c/27/lff69]
[use.typekit.net/af/b683e3/00000000000000003b9b306c/27/dff69]
[use.typekit.net/af/b683e3/00000000000000003b9b306c/27/aff69]
[use.typekit.net/af/d32834/00000000000000003b9b306d/27/l263d]
[use.typekit.net/af/d32834/00000000000000003b9b306d/27/d263d]
[use.typekit.net/af/949f99/00000000000000003b9b3068/27/l04c7]
[use.typekit.net/af/949f99/00000000000000003b9b3068/27/d04c7]
[use.typekit.net/af/d32834/00000000000000003b9b306d/27/a263d]
[use.typekit.net/af/949f99/00000000000000003b9b3068/27/a04c7]
[use.typekit.net/af/4c4052/00000000000000003b9b3069/27/l3fe8]
[use.typekit.net/af/4c4052/00000000000000003b9b3069/27/d3fe8]
[use.typekit.net/af/d82519/00000000000000003b9b306a/27/la39f]
[use.typekit.net/af/4c4052/00000000000000003b9b3069/27/a3fe8]
[use.typekit.net/af/d82519/00000000000000003b9b306a/27/da39f]
[use.typekit.net/af/d82519/00000000000000003b9b306a/27/aa39f]
[use.typekit.net/af/3e6df8/00000000000000003b9b306b/27/l19d3]
[use.typekit.net/af/3e6df8/00000000000000003b9b306b/27/d19d3]
[use.typekit.net/af/c47696/00000000000000003b9b305e/27/l04b5]
[use.typekit.net/af/3e6df8/00000000000000003b9b306b/27/a19d3]
[use.typekit.net/af/c47696/00000000000000003b9b305e/27/d04b5]
[use.typekit.net/af/c47696/00000000000000003b9b305e/27/a04b5]
[use.typekit.net/af/c31dbb/00000000000000003b9b305f/27/l4ddc]
[use.typekit.net/af/c31dbb/00000000000000003b9b305f/27/d4ddc]
[use.typekit.net/af/576d53/00000000000000003b9b3066/27/l9f0d]
[use.typekit.net/af/c31dbb/00000000000000003b9b305f/27/a4ddc]
[use.typekit.net/af/576d53/00000000000000003b9b3066/27/d9f0d]
[use.typekit.net/af/f7d492/00000000000000003b9b3067/27/l01ea]
[use.typekit.net/af/576d53/00000000000000003b9b3066/27/a9f0d]
[use.typekit.net/af/f7d492/00000000000000003b9b3067/27/d01ea]
[use.typekit.net/af/705e94/00000000000000003b9b3062/27/l64f0]
[use.typekit.net/af/705e94/00000000000000003b9b3062/27/d64f0]
[use.typekit.net/af/f7d492/00000000000000003b9b3067/27/a01ea]
[use.typekit.net/af/705e94/00000000000000003b9b3062/27/a64f0]
[use.typekit.net/af/5c70f2/00000000000000003b9b3063/27/l34b8]
[use.typekit.net/af/5c70f2/00000000000000003b9b3063/27/d34b8]
[use.typekit.net/af/5c70f2/00000000000000003b9b3063/27/a34b8]
[use.typekit.net/af/cebe0e/00000000000000003b9b3060/27/l0ac7]
[use.typekit.net/af/cebe0e/00000000000000003b9b3060/27/d0ac7]
[use.typekit.net/af/40ff7f/00000000000000003b9b3061/27/l00c0]
[use.typekit.net/af/cebe0e/00000000000000003b9b3060/27/a0ac7]
[use.typekit.net/af/40ff7f/00000000000000003b9b3061/27/d00c0]
[use.typekit.net/af/6e816b/00000000000000003b9b3064/27/la2f9]
[use.typekit.net/af/40ff7f/00000000000000003b9b3061/27/a00c0]
[use.typekit.net/af/6e816b/00000000000000003b9b3064/27/da2f9]
[use.typekit.net/af/5b5251/00000000000000003b9b3065/27/l0dca]
[use.typekit.net/af/6e816b/00000000000000003b9b3064/27/aa2f9]
[use.typekit.net/af/5b5251/00000000000000003b9b3065/27/d0dca]
[use.typekit.net/af/740b38/000000000000000000012500/27/l64f0]
[use.typekit.net/af/5b5251/00000000000000003b9b3065/27/a0dca]
[use.typekit.net/af/740b38/000000000000000000012500/27/d64f0]
[use.typekit.net/af/e61d82/0000000000000000000124fe/27/l34b8]
[use.typekit.net/af/740b38/000000000000000000012500/27/a64f0]
[use.typekit.net/af/e61d82/0000000000000000000124fe/27/d34b8]
[use.typekit.net/af/63cd12/0000000000000000000124ff/27/l04c7]
[use.typekit.net/af/e61d82/0000000000000000000124fe/27/a34b8]
[use.typekit.net/af/63cd12/0000000000000000000124ff/27/d04c7]
[use.typekit.net/af/63cd12/0000000000000000000124ff/27/a04c7]
[use.typekit.net/af/e614cb/0000000000000000000124fd/27/l3fe8]
[use.typekit.net/af/e614cb/0000000000000000000124fd/27/d3fe8]
[use.typekit.net/af/2f8f3d/0000000000000000000132dd/27/l0ac7]
[use.typekit.net/af/2f8f3d/0000000000000000000132dd/27/d0ac7]
[use.typekit.net/af/e614cb/0000000000000000000124fd/27/a3fe8]
[use.typekit.net/af/2f8f3d/0000000000000000000132dd/27/a0ac7]
[use.typekit.net/af/9f8c97/0000000000000000000132de/27/l00c0]
[use.typekit.net/af/9f8c97/0000000000000000000132de/27/d00c0]
[use.typekit.net/af/9f8c97/0000000000000000000132de/27/a00c0]
[use.typekit.net/af/d8f71f/0000000000000000000132e1/27/la2f9]
[use.typekit.net/af/d8f71f/0000000000000000000132e1/27/da2f9]
[use.typekit.net/af/d8f71f/0000000000000000000132e1/27/aa2f9]
[use.typekit.net/af/ba2c35/0000000000000000000132e2/27/l0dca]
[use.typekit.net/af/ba2c35/0000000000000000000132e2/27/d0dca]
[use.typekit.net/af/ba2c35/0000000000000000000132e2/27/a0dca]
[use.typekit.net/af/96f268/00000000000000003b9ad2f8/27/l64f0]
[use.typekit.net/af/96f268/00000000000000003b9ad2f8/27/d64f0]
[use.typekit.net/af/96f268/00000000000000003b9ad2f8/27/a64f0]
[use.typekit.net/af/c3d1ed/00000000000000003b9ad2fa/27/l04c7]
[use.typekit.net/af/c3d1ed/00000000000000003b9ad2fa/27/d04c7]
[use.typekit.net/af/c3d1ed/00000000000000003b9ad2fa/27/a04c7]
[use.typekit.net/af/c5635c/000000000000000000015891/27/l64f0]
[use.typekit.net/af/c5635c/000000000000000000015891/27/d64f0]
[use.typekit.net/af/c5635c/000000000000000000015891/27/a64f0]
[use.typekit.net/af/8254f0/000000000000000000015892/27/l34b8]
[use.typekit.net/af/8254f0/000000000000000000015892/27/d34b8]
[use.typekit.net/af/dabff9/00000000000000000001588f/27/l0ac7]
[use.typekit.net/af/8254f0/000000000000000000015892/27/a34b8]
[use.typekit.net/af/dabff9/00000000000000000001588f/27/d0ac7]
[use.typekit.net/af/dabff9/00000000000000000001588f/27/a0ac7]
[use.typekit.net/af/600d5d/000000000000000000015890/27/l00c0]
[use.typekit.net/af/600d5d/000000000000000000015890/27/d00c0]
[use.typekit.net/af/db612c/000000000000000000015895/27/l04c7]
[use.typekit.net/af/600d5d/000000000000000000015890/27/a00c0]
[use.typekit.net/af/db612c/000000000000000000015895/27/d04c7]
[use.typekit.net/af/db612c/000000000000000000015895/27/a04c7]
[use.typekit.net/af/3297b1/000000000000000000015896/27/l3fe8]
[use.typekit.net/af/3297b1/000000000000000000015896/27/d3fe8]
[use.typekit.net/lab8xti.css]
[grupo-evolucion.webnode.es/wnd_header.set/index.html]
[grupo-evolucion.webnode.es/home/index.html]
[use.typekit.net/af/3297b1/000000000000000000015896/27/a3fe8]
[d1di2lzuh97fh2.cloudfront.net/files/1p/1pv/450/1pv07535cc.jpg]
[grupo-evolucion.webnode.es/metodos-de-ensenanza/wnd_header.set/index.html]
[grupo-evolucion.webnode.es/_files/200000030-7ab247ab26/200/logo g2-8.png]
[grupo-evolucion.webnode.es/_files/200000027-2a8ac2a8ae/200/Tecnologia-textil-industria-de-la-moda-digital-gabrielfariasiribarren.com_-1.jpg]
[grupo-evolucion.webnode.es/metodos-de-ensenanza/index.html]
[grupo-evolucion.webnode.es/_files/200000019-5a6735a675/700/9a.jpg]
[grupo-evolucion.webnode.es/_files/200000022-b7d7db7d7f/450/miniatura-python.png]
[grupo-evolucion.webnode.es/instrumentos/wnd_header.set/index.html]
[grupo-evolucion.webnode.es/_files/200000019-5a6735a675/200/9a.jpg]
[grupo-evolucion.webnode.es/_files/200000031-03d2703d29/200/índice.png]
[grupo-evolucion.webnode.es/_files/200000033-0211f02121/200/img-principal-css3-viewport-units-1.png]
[grupo-evolucion.webnode.es/instrumentos/index.html]
[grupo-evolucion.webnode.es/contacto/index.html]
[p.typekit.net/pec4d.css]
[grupo-evolucion.webnode.es/contacto/wnd_header.set/index.html]
[grupo-evolucion.webnode.es/metodos-de-ensenanza/wnd_header.set/index.html]
[grupo-evolucion.webnode.es/instrumentos/wnd_header.set/index.html]
[grupo-evolucion.webnode.es/contacto/wnd_header.set/index.html]
